<?xml version="1.0" encoding="UTF-8"?>
<!-- Generated by org.testng.reporters.JUnitReportReporter -->
<testsuite hostname="DESKTOP-C28O1GT" failures="0" tests="12" name="com.tutorialsninja.qa.TestCases.LoginTest" time="66.926" errors="0" timestamp="09 Jan 2024 18:07:57 GMT" skipped="0">
  <testcase classname="com.tutorialsninja.qa.TestCases.LoginTest" name="verifyLoginWithValidCredintials" time="5.825"/>
  <testcase classname="com.tutorialsninja.qa.TestCases.LoginTest" name="verifyLoginWithValidCredintials" time="5.483"/>
  <testcase classname="com.tutorialsninja.qa.TestCases.LoginTest" name="verifyLoginWithValidCredintials" time="5.700"/>
  <testcase classname="com.tutorialsninja.qa.TestCases.LoginTest" name="verifyLoginWithValidCredintials" time="5.194"/>
  <testcase classname="com.tutorialsninja.qa.TestCases.LoginTest" name="verifyLoginWithValidCredintials" time="5.821"/>
  <testcase classname="com.tutorialsninja.qa.TestCases.LoginTest" name="verifyLoginWithValidCredintials" time="5.447"/>
  <testcase classname="com.tutorialsninja.qa.TestCases.LoginTest" name="verifyLoginWithValidCredintials" time="5.980"/>
  <testcase classname="com.tutorialsninja.qa.TestCases.LoginTest" name="verifyLoginWithValidCredintials" time="5.702"/>
  <testcase classname="com.tutorialsninja.qa.TestCases.LoginTest" name="verifyLoginWithInvalidEmailValidPassword" time="5.919"/>
  <testcase classname="com.tutorialsninja.qa.TestCases.LoginTest" name="verifyLoginWithValidEmailInvalidPassword" time="5.213"/>
  <testcase classname="com.tutorialsninja.qa.TestCases.LoginTest" name="verifyLoginWithInvalidCredentials" time="5.138"/>
  <testcase classname="com.tutorialsninja.qa.TestCases.LoginTest" name="verifyLoginWithNoCredentials" time="5.504"/>
</testsuite> <!-- com.tutorialsninja.qa.TestCases.LoginTest -->
