<?xml version="1.0" encoding="UTF-8"?>
<!-- Generated by org.testng.reporters.JUnitReportReporter -->
<testsuite hostname="DESKTOP-C28O1GT" failures="0" tests="5" name="com.tutorialsninja.qa.TestCases.RegisterTest" time="35.376" errors="0" timestamp="09 Jan 2024 18:07:57 GMT" skipped="0">
  <testcase classname="com.tutorialsninja.qa.TestCases.RegisterTest" name="verifyRegisterWithMandatoryFields" time="7.419"/>
  <testcase classname="com.tutorialsninja.qa.TestCases.RegisterTest" name="verifyRegisterWithAllFields" time="6.854"/>
  <testcase classname="com.tutorialsninja.qa.TestCases.RegisterTest" name="verifyRegisterWithExistingEmail" time="8.402"/>
  <testcase classname="com.tutorialsninja.qa.TestCases.RegisterTest" name="verifyRegisterWithMismatchPassword" time="6.492"/>
  <testcase classname="com.tutorialsninja.qa.TestCases.RegisterTest" name="verifyRegisterWithNofields" time="6.209"/>
</testsuite> <!-- com.tutorialsninja.qa.TestCases.RegisterTest -->
