<?xml version="1.0" encoding="UTF-8"?>
<!-- Generated by org.testng.reporters.JUnitReportReporter -->
<testsuite hostname="DESKTOP-C28O1GT" failures="0" tests="1" name="com.tutorialsninja.qa.TestCases.AddToCartTest" time="6.945" errors="0" timestamp="09 Jan 2024 18:11:28 GMT" skipped="0">
  <testcase classname="com.tutorialsninja.qa.TestCases.AddToCartTest" name="addValidProductToCart" time="6.945"/>
</testsuite> <!-- com.tutorialsninja.qa.TestCases.AddToCartTest -->
