<?xml version="1.0" encoding="UTF-8"?>
<!-- Generated by org.testng.reporters.JUnitReportReporter -->
<testsuite hostname="DESKTOP-C28O1GT" failures="0" tests="1" name="com.tutorialsninja.qa.TestCases.SearchProductTest" time="5.162" errors="0" timestamp="09 Jan 2024 20:39:40 GMT" skipped="0">
  <testcase classname="com.tutorialsninja.qa.TestCases.SearchProductTest" name="verifySearchWithValidProduct" time="5.162"/>
</testsuite> <!-- com.tutorialsninja.qa.TestCases.SearchProductTest -->
