<?xml version="1.0" encoding="UTF-8"?>
<!-- Generated by org.testng.reporters.JUnitReportReporter -->
<testsuite hostname="DESKTOP-C28O1GT" failures="0" tests="1" name="com.tutorialsninja.qa.TestCases.CheckOutTest" time="15.646" errors="0" timestamp="09 Jan 2024 18:16:59 GMT" skipped="0">
  <testcase classname="com.tutorialsninja.qa.TestCases.CheckOutTest" name="checkOutOfThePtoduct" time="15.646"/>
</testsuite> <!-- com.tutorialsninja.qa.TestCases.CheckOutTest -->
