<?xml version="1.0" encoding="UTF-8"?>
<!-- Generated by org.testng.reporters.JUnitReportReporter -->
<testsuite hostname="DESKTOP-C28O1GT" failures="0" tests="1" name="com.tutorialsninja.qa.TestCases.CheckOutTest" time="15.616" errors="0" timestamp="2024-01-09T12:57:55 PST" skipped="0">
  <testcase classname="com.tutorialsninja.qa.TestCases.CheckOutTest" name="checkOutOfThePtoduct" time="15.616"/>
</testsuite> <!-- com.tutorialsninja.qa.TestCases.CheckOutTest -->
