<?xml version="1.0" encoding="UTF-8"?>
<!-- Generated by org.testng.reporters.JUnitReportReporter -->
<testsuite hostname="DESKTOP-C28O1GT" failures="0" tests="3" name="com.tutorialsninja.qa.TestCases.SearchProductTest" time="14.805" errors="0" timestamp="2024-01-09T12:57:55 PST" skipped="0">
  <testcase classname="com.tutorialsninja.qa.TestCases.SearchProductTest" name="verifySearchWithValidProduct" time="5.028"/>
  <testcase classname="com.tutorialsninja.qa.TestCases.SearchProductTest" name="verifySearchWithInvalidProduct" time="4.909"/>
  <testcase classname="com.tutorialsninja.qa.TestCases.SearchProductTest" name="verifySearchWithNoProduct" time="4.868"/>
</testsuite> <!-- com.tutorialsninja.qa.TestCases.SearchProductTest -->
